Using pre-set license
Built from '2020.2/release' branch; Version is '2020.2.1f1 (270dd8c3da1c) revision 2559448'; Using compiler version '192528614'; Build Type 'Release'
OS: 'Windows 10  (10.0.0) 64bit' Language: 'en' Physical Memory: 16320 MB
BatchMode: 1, IsHumanControllingUs: 0, StartBugReporterOnCrash: 0, Is64bit: 1, IsPro: 0

 COMMAND LINE ARGUMENTS:
C:\Program Files\Unity\Hub\Editor\2020.2.1f1\Editor\Unity.exe
-adb2
-batchMode
-noUpm
-name
AssetImportWorker0
-projectPath
C:/Users/user/Desktop/puzzleGame/first_Person_Puzzle_Game
-logFile
Logs/AssetImportWorker0.log
-srvPort
53789
Successfully changed project path to: C:/Users/user/Desktop/puzzleGame/first_Person_Puzzle_Game
C:/Users/user/Desktop/puzzleGame/first_Person_Puzzle_Game
Using Asset Import Pipeline V2.
Refreshing native plugins compatible for Editor in 26.66 ms, found 0 plugins.
Preloading 0 native plugins for Editor in 0.00 ms.
Initialize engine version: 2020.2.1f1 (270dd8c3da1c)
[Subsystems] Discovering subsystems at path C:/Program Files/Unity/Hub/Editor/2020.2.1f1/Editor/Data/Resources/UnitySubsystems
[Subsystems] Discovering subsystems at path C:/Users/user/Desktop/puzzleGame/first_Person_Puzzle_Game/Assets
GfxDevice: creating device client; threaded=0
Direct3D:
    Version:  Direct3D 11.0 [level 11.1]
    Renderer: NVIDIA GeForce GTX 970 (ID=0x13c2)
    Vendor:   
    VRAM:     4043 MB
    Driver:   27.21.14.6109
Initialize mono
Mono path[0] = 'C:/Program Files/Unity/Hub/Editor/2020.2.1f1/Editor/Data/Managed'
Mono path[1] = 'C:/Program Files/Unity/Hub/Editor/2020.2.1f1/Editor/Data/MonoBleedingEdge/lib/mono/unityjit'
Mono config path = 'C:/Program Files/Unity/Hub/Editor/2020.2.1f1/Editor/Data/MonoBleedingEdge/etc'
Using monoOptions --debugger-agent=transport=dt_socket,embedding=1,server=y,suspend=n,address=127.0.0.1:56220
Begin MonoManager ReloadAssembly
Registering precompiled unity dll's ...
Register platform support module: C:/Program Files/Unity/Hub/Editor/2020.2.1f1/Editor/Data/PlaybackEngines/WindowsStandaloneSupport/UnityEditor.WindowsStandalone.Extensions.dll
Registered in 0.002194 seconds.
Native extension for WindowsStandalone target not found
Refreshing native plugins compatible for Editor in 25.18 ms, found 0 plugins.
Preloading 0 native plugins for Editor in 0.00 ms.
Invoked RoslynAnalysisRunner static constructor.
RoslynAnalysisRunner will not be running.
RoslynAnalysisRunner has terminated.
Mono: successfully reloaded assembly
- Completed reload, in  1.263 seconds
Platform modules already initialized, skipping
Registering precompiled user dll's ...
Registered in 0.000873 seconds.
Begin MonoManager ReloadAssembly
Native extension for WindowsStandalone target not found
Refreshing native plugins compatible for Editor in 0.22 ms, found 0 plugins.
Preloading 0 native plugins for Editor in 0.00 ms.
Invoked RoslynAnalysisRunner static constructor.
RoslynAnalysisRunner will not be running.
RoslynAnalysisRunner has terminated.
Mono: successfully reloaded assembly
- Completed reload, in  0.917 seconds
Platform modules already initialized, skipping
========================================================================
Worker process is ready to serve import requests
Launched and connected shader compiler UnityShaderCompiler.exe after 0.03 seconds
Refreshing native plugins compatible for Editor in 0.43 ms, found 0 plugins.
Preloading 0 native plugins for Editor in 0.00 ms.
Unloading 1094 Unused Serialized files (Serialized files now loaded: 0)
System memory in use before: 56.5 MB.
System memory in use after: 56.6 MB.

Unloading 10 unused Assets to reduce memory usage. Loaded Objects now: 1535.
Total: 2.098600 ms (FindLiveObjects: 0.158600 ms CreateObjectMapping: 0.040900 ms MarkObjects: 1.775700 ms  DeleteObjects: 0.122400 ms)

========================================================================
Received Import Request.
  path: Assets/Models/starting_Room
  artifactKey: Guid(9c94aec816afcc04db2b98c4d38a1936) Importer(815301076,1909f56bfc062723c751e8b465ee728b)
Start importing Assets/Models/starting_Room using Guid(9c94aec816afcc04db2b98c4d38a1936) Importer(815301076,1909f56bfc062723c751e8b465ee728b)  -> (artifact id: 'cffcbdbbb96832c84ddac949580b44a1') in 0.010151 seconds
  Import took 0.013158 seconds .

========================================================================
Received Import Request.
  Time since last request: 0.000283 seconds.
  path: Assets/Models/earth_Room/earth_Room.mb
  artifactKey: Guid(e3a7f698d8284b64d81e52fa8376126c) Importer(815301076,1909f56bfc062723c751e8b465ee728b)
Start importing Assets/Models/earth_Room/earth_Room.mb using Guid(e3a7f698d8284b64d81e52fa8376126c) Importer(815301076,1909f56bfc062723c751e8b465ee728b)  -> (artifact id: '418f6aacf23d2da96f45969bcf201aa6') in 0.222872 seconds
  Import took 0.225314 seconds .

========================================================================
Received Import Request.
  Time since last request: 0.000301 seconds.
  path: Assets/Models/earth_Room
  artifactKey: Guid(fa666eadccf5550459dc89900a22fff6) Importer(815301076,1909f56bfc062723c751e8b465ee728b)
Start importing Assets/Models/earth_Room using Guid(fa666eadccf5550459dc89900a22fff6) Importer(815301076,1909f56bfc062723c751e8b465ee728b)  -> (artifact id: '9550955a66c34890db6a84e531a99ae2') in 0.003203 seconds
  Import took 0.005330 seconds .

AssetImportWorkerClient::OnTransportError - code=2 error=End of file
